<?xml version="1.0" encoding="UTF-8"?>
<!-- Generated by org.testng.reporters.JUnitReportReporter -->
<testsuite hostname="HMS-Harish-QA" name="Hotelogix.com.Hotelogix.MyTestClass" tests="2" failures="0" timestamp="18 Apr 2019 11:58:42 GMT" time="26.372" errors="0">
  <testcase name="fn_TryforFree" time="3.343" classname="Hotelogix.com.Hotelogix.MyTestClass"/>
  <testcase name="fn_launchingnavigatingbrowser" time="23.029" classname="Hotelogix.com.Hotelogix.MyTestClass"/>
</testsuite> <!-- Hotelogix.com.Hotelogix.MyTestClass -->
